\BOOKMARK [1][-]{section.1}{\376\377\000R\000e\000s\000u\000m\000e\000n}{}% 1
\BOOKMARK [1][-]{section.2}{\376\377\000I\000n\000t\000r\000o\000d\000u\000c\000c\000i\000\363\000n}{}% 2
\BOOKMARK [1][-]{section.3}{\376\377\000P\000l\000a\000n\000t\000e\000a\000m\000i\000e\000n\000t\000o\000\040\000t\000e\000\363\000r\000i\000c\000o}{}% 3
\BOOKMARK [2][-]{subsection.3.1}{\376\377\000C\000o\000n\000c\000e\000p\000t\000u\000a\000l\000i\000z\000a\000i\000n\000g\000\040\000H\000a\000a\000r\000\040\000C\000a\000s\000c\000a\000d\000e\000\040\000D\000a\000t\000a}{section.3}% 4
\BOOKMARK [2][-]{subsection.3.2}{\376\377\000U\000s\000i\000n\000g\000\040\000O\000p\000e\000n\000C\000V\000\040\000t\000o\000\040\000P\000e\000r\000f\000o\000r\000m\000\040\000F\000a\000c\000e\000\040\000D\000e\000t\000e\000c\000t\000i\000o\000n}{section.3}% 5
\BOOKMARK [3][-]{subsubsection.3.2.1}{\376\377\000P\000e\000r\000f\000o\000r\000m\000i\000n\000g\000\040\000F\000a\000c\000e\000\040\000D\000e\000t\000e\000c\000t\000i\000o\000n\000\040\000o\000n\000\040\000a\000\040\000S\000t\000i\000l\000l\000\040\000I\000m\000a\000g\000e}{subsection.3.2}% 6
\BOOKMARK [3][-]{subsubsection.3.2.2}{\376\377\000P\000e\000r\000f\000o\000r\000m\000i\000n\000g\000\040\000F\000a\000c\000e\000\040\000D\000e\000t\000e\000c\000t\000i\000o\000n\000\040\000o\000n\000\040\000a\000\040\000V\000i\000d\000e\000o}{subsection.3.2}% 7
\BOOKMARK [3][-]{subsubsection.3.2.3}{\376\377\000P\000e\000r\000f\000o\000r\000m\000i\000n\000g\000\040\000F\000a\000c\000e\000\040\000R\000e\000c\000o\000g\000n\000i\000t\000i\000o\000n}{subsection.3.2}% 8
\BOOKMARK [2][-]{subsection.3.3}{\376\377\000I\000m\000p\000r\000o\000v\000i\000n\000g\000\040\000t\000h\000e\000\040\000H\000a\000a\000r\000\040\000C\000a\000s\000c\000a\000d\000e\000\040\000C\000l\000a\000s\000s\000i\000f\000i\000e\000r}{section.3}% 9
\BOOKMARK [1][-]{section.4}{\376\377\000I\000m\000p\000l\000e\000m\000e\000n\000t\000a\000c\000i\000\363\000n}{}% 10
\BOOKMARK [1][-]{section.5}{\376\377\000E\000x\000p\000e\000r\000i\000m\000e\000n\000t\000a\000c\000i\000\363\000n}{}% 11
\BOOKMARK [1][-]{section.6}{\376\377\000M\000a\000n\000u\000a\000l\000\040\000d\000e\000\040\000u\000s\000u\000a\000r\000i\000o}{}% 12
\BOOKMARK [1][-]{section.7}{\376\377\000C\000o\000n\000c\000l\000u\000s\000i\000o\000n\000e\000s}{}% 13
\BOOKMARK [1][-]{section.8}{\376\377\000A\000u\000t\000o\000e\000v\000a\000l\000u\000a\000c\000i\000\363\000n\000\040\000d\000e\000\040\000c\000a\000d\000a\000\040\000m\000i\000e\000m\000b\000r\000o}{}% 14
\BOOKMARK [2][-]{subsection.8.1}{\376\377\000A\000u\000t\000o\000e\000v\000a\000l\000u\000a\000c\000i\000\363\000n\000\040\000d\000e\000\040\000A\000l\000e\000j\000a\000n\000d\000r\000o}{section.8}% 15
\BOOKMARK [2][-]{subsection.8.2}{\376\377\000A\000u\000t\000o\000e\000v\000a\000l\000u\000a\000c\000i\000\363\000n\000\040\000d\000e\000\040\000P\000a\000b\000l\000o}{section.8}% 16
\BOOKMARK [2][-]{subsection.8.3}{\376\377\000A\000u\000t\000o\000e\000v\000a\000l\000u\000a\000c\000i\000\363\000n\000\040\000d\000e\000\040\000S\000a\000l\000v\000a\000d\000o\000r}{section.8}% 17
\BOOKMARK [1][-]{section.9}{\376\377\000T\000a\000b\000l\000a\000\040\000d\000e\000\040\000t\000i\000e\000m\000p\000o\000s}{}% 18
\BOOKMARK [2][-]{subsection.9.1}{\376\377\000T\000a\000b\000l\000a\000\040\000d\000e\000\040\000t\000i\000e\000m\000p\000o\000s\000\040\000d\000e\000l\000\040\000g\000r\000u\000p\000o}{section.9}% 19
\BOOKMARK [2][-]{subsection.9.2}{\376\377\000T\000a\000b\000l\000a\000\040\000d\000e\000\040\000t\000i\000e\000m\000p\000o\000s\000\040\000d\000e\000\040\000A\000l\000e\000j\000a\000n\000d\000r\000o}{section.9}% 20
\BOOKMARK [2][-]{subsection.9.3}{\376\377\000T\000a\000b\000l\000a\000\040\000d\000e\000\040\000t\000i\000e\000m\000p\000o\000s\000\040\000d\000e\000\040\000P\000a\000b\000l\000o}{section.9}% 21
\BOOKMARK [2][-]{subsection.9.4}{\376\377\000T\000a\000b\000l\000a\000\040\000d\000e\000\040\000t\000i\000e\000m\000p\000o\000s\000\040\000d\000e\000\040\000S\000a\000l\000v\000a\000d\000o\000r}{section.9}% 22
